<?xml version="1.0" encoding="UTF-8"?>
<testsuite xmlns:xsi="http://www.w3.org/2001/XMLSchema-instance" xsi:noNamespaceSchemaLocation="https://maven.apache.org/surefire/maven-surefire-plugin/xsd/surefire-test-report-3.0.xsd" version="3.0" name="com.handle.SwiggyGatewayApplicationTests" time="2.165" tests="1" errors="0" skipped="0" failures="0">
  <properties>
[...]
</properties>
  <testcase name="contextLoads" classname="com.handle.SwiggyGatewayApplicationTests" time="0.418">
    <system-out><![CDATA[13:36:07.318 [main] INFO org.springframework.test.context.support.AnnotationConfigContextLoaderUtils -- Could not detect default configuration classes for test class [com.handle.SwiggyGatewayApplicationTests]: SwiggyGatewayApplicationTests does not declare any static, non-private, non-final, nested classes annotated with @Configuration.
13:36:07.361 [main] INFO org.springframework.boot.test.context.SpringBootTestContextBootstrapper -- Found @SpringBootConfiguration com.handle.SwiggyGatewayApplication for test class com.handle.SwiggyGatewayApplicationTests

  .   ____          _            __ _ _
 /\\ / ___'_ __ _ _(_)_ __  __ _ \ \ \ \
( ( )\___ | '_ | '_| | '_ \/ _` | \ \ \ \
 \\/  ___)| |_)| | | | | || (_| |  ) ) ) )
  '  |____| .__|_| |_|_| |_\__, | / / / /
 =========|_|==============|___/=/_/_/_/
 :: Spring Boot ::                (v3.1.2)

2023-12-14T13:36:07.565-05:00  INFO 6359 --- [           main] c.handle.SwiggyGatewayApplicationTests   : Starting SwiggyGatewayApplicationTests using Java 18.0.1.1 with PID 6359 (started by fabricefoko in /Users/fabricefoko/Documents/Projets_JAVA/microservice-exception-handling/swiggy-gateway)
2023-12-14T13:36:07.565-05:00  INFO 6359 --- [           main] c.handle.SwiggyGatewayApplicationTests   : No active profile set, falling back to 1 default profile: "default"
2023-12-14T13:36:08.035-05:00  INFO 6359 --- [           main] o.s.cloud.context.scope.GenericScope     : BeanFactory id=13348d04-65b5-35b4-9b90-ea76674d860e
2023-12-14T13:36:08.076-05:00  INFO 6359 --- [           main] trationDelegate$BeanPostProcessorChecker : Bean 'org.springframework.cloud.client.loadbalancer.reactive.LoadBalancerBeanPostProcessorAutoConfiguration' of type [org.springframework.cloud.client.loadbalancer.reactive.LoadBalancerBeanPostProcessorAutoConfiguration] is not eligible for getting processed by all BeanPostProcessors (for example: not eligible for auto-proxying)
2023-12-14T13:36:08.077-05:00  INFO 6359 --- [           main] trationDelegate$BeanPostProcessorChecker : Bean 'org.springframework.cloud.client.loadbalancer.reactive.LoadBalancerBeanPostProcessorAutoConfiguration$ReactorDeferringLoadBalancerFilterConfig' of type [org.springframework.cloud.client.loadbalancer.reactive.LoadBalancerBeanPostProcessorAutoConfiguration$ReactorDeferringLoadBalancerFilterConfig] is not eligible for getting processed by all BeanPostProcessors (for example: not eligible for auto-proxying)
2023-12-14T13:36:08.078-05:00  INFO 6359 --- [           main] trationDelegate$BeanPostProcessorChecker : Bean 'reactorDeferringLoadBalancerExchangeFilterFunction' of type [org.springframework.cloud.client.loadbalancer.reactive.DeferringLoadBalancerExchangeFilterFunction] is not eligible for getting processed by all BeanPostProcessors (for example: not eligible for auto-proxying)
2023-12-14T13:36:08.423-05:00  INFO 6359 --- [           main] o.s.c.g.r.RouteDefinitionRouteLocator    : Loaded RoutePredicateFactory [After]
2023-12-14T13:36:08.423-05:00  INFO 6359 --- [           main] o.s.c.g.r.RouteDefinitionRouteLocator    : Loaded RoutePredicateFactory [Before]
2023-12-14T13:36:08.423-05:00  INFO 6359 --- [           main] o.s.c.g.r.RouteDefinitionRouteLocator    : Loaded RoutePredicateFactory [Between]
2023-12-14T13:36:08.423-05:00  INFO 6359 --- [           main] o.s.c.g.r.RouteDefinitionRouteLocator    : Loaded RoutePredicateFactory [Cookie]
2023-12-14T13:36:08.423-05:00  INFO 6359 --- [           main] o.s.c.g.r.RouteDefinitionRouteLocator    : Loaded RoutePredicateFactory [Header]
2023-12-14T13:36:08.423-05:00  INFO 6359 --- [           main] o.s.c.g.r.RouteDefinitionRouteLocator    : Loaded RoutePredicateFactory [Host]
2023-12-14T13:36:08.423-05:00  INFO 6359 --- [           main] o.s.c.g.r.RouteDefinitionRouteLocator    : Loaded RoutePredicateFactory [Method]
2023-12-14T13:36:08.423-05:00  INFO 6359 --- [           main] o.s.c.g.r.RouteDefinitionRouteLocator    : Loaded RoutePredicateFactory [Path]
2023-12-14T13:36:08.423-05:00  INFO 6359 --- [           main] o.s.c.g.r.RouteDefinitionRouteLocator    : Loaded RoutePredicateFactory [Query]
2023-12-14T13:36:08.423-05:00  INFO 6359 --- [           main] o.s.c.g.r.RouteDefinitionRouteLocator    : Loaded RoutePredicateFactory [ReadBody]
2023-12-14T13:36:08.423-05:00  INFO 6359 --- [           main] o.s.c.g.r.RouteDefinitionRouteLocator    : Loaded RoutePredicateFactory [RemoteAddr]
2023-12-14T13:36:08.423-05:00  INFO 6359 --- [           main] o.s.c.g.r.RouteDefinitionRouteLocator    : Loaded RoutePredicateFactory [XForwardedRemoteAddr]
2023-12-14T13:36:08.423-05:00  INFO 6359 --- [           main] o.s.c.g.r.RouteDefinitionRouteLocator    : Loaded RoutePredicateFactory [Weight]
2023-12-14T13:36:08.423-05:00  INFO 6359 --- [           main] o.s.c.g.r.RouteDefinitionRouteLocator    : Loaded RoutePredicateFactory [CloudFoundryRouteService]
2023-12-14T13:36:08.543-05:00  INFO 6359 --- [           main] o.s.b.a.e.web.EndpointLinksResolver      : Exposing 1 endpoint(s) beneath base path '/actuator'
2023-12-14T13:36:08.622-05:00  INFO 6359 --- [           main] DiscoveryClientOptionalArgsConfiguration : Eureka HTTP Client uses RestTemplate.
2023-12-14T13:36:08.636-05:00  WARN 6359 --- [           main] iguration$LoadBalancerCaffeineWarnLogger : Spring Cloud LoadBalancer is currently working with the default cache. While this cache implementation is useful for development and tests, it's recommended to use Caffeine cache in production.You can switch to using Caffeine cache, by adding it and org.springframework.cache.caffeine.CaffeineCacheManager to the classpath.
2023-12-14T13:36:08.659-05:00  INFO 6359 --- [           main] o.s.c.n.eureka.InstanceInfoFactory       : Setting initial instance status as: STARTING
2023-12-14T13:36:08.690-05:00  INFO 6359 --- [           main] com.netflix.discovery.DiscoveryClient    : Initializing Eureka in region us-east-1
2023-12-14T13:36:08.693-05:00  INFO 6359 --- [           main] c.n.d.s.r.aws.ConfigClusterResolver      : Resolving eureka endpoints via configuration
2023-12-14T13:36:08.702-05:00  INFO 6359 --- [           main] com.netflix.discovery.DiscoveryClient    : Disable delta property : false
2023-12-14T13:36:08.702-05:00  INFO 6359 --- [           main] com.netflix.discovery.DiscoveryClient    : Single vip registry refresh property : null
2023-12-14T13:36:08.702-05:00  INFO 6359 --- [           main] com.netflix.discovery.DiscoveryClient    : Force full registry fetch : false
2023-12-14T13:36:08.702-05:00  INFO 6359 --- [           main] com.netflix.discovery.DiscoveryClient    : Application is null : false
2023-12-14T13:36:08.702-05:00  INFO 6359 --- [           main] com.netflix.discovery.DiscoveryClient    : Registered Applications size is zero : true
2023-12-14T13:36:08.702-05:00  INFO 6359 --- [           main] com.netflix.discovery.DiscoveryClient    : Application version is -1: true
2023-12-14T13:36:08.702-05:00  INFO 6359 --- [           main] com.netflix.discovery.DiscoveryClient    : Getting all instance registry info from the eureka server
2023-12-14T13:36:08.940-05:00  INFO 6359 --- [           main] com.netflix.discovery.DiscoveryClient    : The response status is 200
2023-12-14T13:36:08.942-05:00  INFO 6359 --- [           main] com.netflix.discovery.DiscoveryClient    : Starting heartbeat executor: renew interval is: 30
2023-12-14T13:36:08.943-05:00  INFO 6359 --- [           main] c.n.discovery.InstanceInfoReplicator     : InstanceInfoReplicator onDemand update allowed rate per min is 4
2023-12-14T13:36:08.946-05:00  INFO 6359 --- [           main] com.netflix.discovery.DiscoveryClient    : Discovery Client initialized at timestamp 1702578968945 with initial instances count: 2
2023-12-14T13:36:08.947-05:00  INFO 6359 --- [           main] o.s.c.n.e.s.EurekaServiceRegistry        : Registering application SWIGGY-GATEWAY with eureka with status UP
2023-12-14T13:36:08.947-05:00  INFO 6359 --- [           main] com.netflix.discovery.DiscoveryClient    : Saw local status change event StatusChangeEvent [timestamp=1702578968947, current=UP, previous=STARTING]
2023-12-14T13:36:08.948-05:00  INFO 6359 --- [nfoReplicator-0] com.netflix.discovery.DiscoveryClient    : DiscoveryClient_SWIGGY-GATEWAY/192.168.2.11:SWIGGY-GATEWAY: registering service...
2023-12-14T13:36:08.972-05:00  INFO 6359 --- [nfoReplicator-0] com.netflix.discovery.DiscoveryClient    : DiscoveryClient_SWIGGY-GATEWAY/192.168.2.11:SWIGGY-GATEWAY - registration status: 204
2023-12-14T13:36:08.985-05:00  INFO 6359 --- [           main] c.handle.SwiggyGatewayApplicationTests   : Started SwiggyGatewayApplicationTests in 1.568 seconds (process running for 2.022)
]]></system-out>
  </testcase>
</testsuite>