<?xml version="1.0" encoding="UTF-8"?>
<testsuite xmlns:xsi="http://www.w3.org/2001/XMLSchema-instance" xsi:noNamespaceSchemaLocation="https://maven.apache.org/surefire/maven-surefire-plugin/xsd/surefire-test-report-3.0.xsd" version="3.0" name="com.handle.RestaurantServiceApplicationTests" time="2.094" tests="1" errors="0" skipped="0" failures="0">
  <properties>
[...]
</properties>
  <testcase name="contextLoads" classname="com.handle.RestaurantServiceApplicationTests" time="0.566">
    <system-out><![CDATA[13:34:42.416 [main] INFO org.springframework.test.context.support.AnnotationConfigContextLoaderUtils -- Could not detect default configuration classes for test class [com.handle.RestaurantServiceApplicationTests]: RestaurantServiceApplicationTests does not declare any static, non-private, non-final, nested classes annotated with @Configuration.
13:34:42.467 [main] INFO org.springframework.boot.test.context.SpringBootTestContextBootstrapper -- Found @SpringBootConfiguration com.handle.RestaurantServiceApplication for test class com.handle.RestaurantServiceApplicationTests

  .   ____          _            __ _ _
 /\\ / ___'_ __ _ _(_)_ __  __ _ \ \ \ \
( ( )\___ | '_ | '_| | '_ \/ _` | \ \ \ \
 \\/  ___)| |_)| | | | | || (_| |  ) ) ) )
  '  |____| .__|_| |_|_| |_\__, | / / / /
 =========|_|==============|___/=/_/_/_/
 :: Spring Boot ::                (v3.1.2)

2023-12-14T13:34:42.692-05:00  INFO 5961 --- [           main] c.h.RestaurantServiceApplicationTests    : Starting RestaurantServiceApplicationTests using Java 18.0.1.1 with PID 5961 (started by fabricefoko in /Users/fabricefoko/Documents/Projets_JAVA/microservice-exception-handling/restaurant-service)
2023-12-14T13:34:42.693-05:00  INFO 5961 --- [           main] c.h.RestaurantServiceApplicationTests    : No active profile set, falling back to 1 default profile: "default"
2023-12-14T13:34:43.063-05:00  INFO 5961 --- [           main] o.s.cloud.context.scope.GenericScope     : BeanFactory id=7dcc43e8-160b-3730-8598-1e9c7659f4ae
2023-12-14T13:34:43.444-05:00  INFO 5961 --- [           main] DiscoveryClientOptionalArgsConfiguration : Eureka HTTP Client uses RestTemplate.
2023-12-14T13:34:43.474-05:00  WARN 5961 --- [           main] iguration$LoadBalancerCaffeineWarnLogger : Spring Cloud LoadBalancer is currently working with the default cache. While this cache implementation is useful for development and tests, it's recommended to use Caffeine cache in production.You can switch to using Caffeine cache, by adding it and org.springframework.cache.caffeine.CaffeineCacheManager to the classpath.
2023-12-14T13:34:43.484-05:00  INFO 5961 --- [           main] o.s.c.n.eureka.InstanceInfoFactory       : Setting initial instance status as: STARTING
2023-12-14T13:34:43.530-05:00  INFO 5961 --- [           main] com.netflix.discovery.DiscoveryClient    : Initializing Eureka in region us-east-1
2023-12-14T13:34:43.533-05:00  INFO 5961 --- [           main] c.n.d.s.r.aws.ConfigClusterResolver      : Resolving eureka endpoints via configuration
2023-12-14T13:34:43.546-05:00  INFO 5961 --- [           main] com.netflix.discovery.DiscoveryClient    : Disable delta property : false
2023-12-14T13:34:43.546-05:00  INFO 5961 --- [           main] com.netflix.discovery.DiscoveryClient    : Single vip registry refresh property : null
2023-12-14T13:34:43.546-05:00  INFO 5961 --- [           main] com.netflix.discovery.DiscoveryClient    : Force full registry fetch : false
2023-12-14T13:34:43.546-05:00  INFO 5961 --- [           main] com.netflix.discovery.DiscoveryClient    : Application is null : false
2023-12-14T13:34:43.546-05:00  INFO 5961 --- [           main] com.netflix.discovery.DiscoveryClient    : Registered Applications size is zero : true
2023-12-14T13:34:43.546-05:00  INFO 5961 --- [           main] com.netflix.discovery.DiscoveryClient    : Application version is -1: true
2023-12-14T13:34:43.546-05:00  INFO 5961 --- [           main] com.netflix.discovery.DiscoveryClient    : Getting all instance registry info from the eureka server
2023-12-14T13:34:43.819-05:00  INFO 5961 --- [           main] com.netflix.discovery.DiscoveryClient    : The response status is 200
2023-12-14T13:34:43.820-05:00  INFO 5961 --- [           main] com.netflix.discovery.DiscoveryClient    : Starting heartbeat executor: renew interval is: 30
2023-12-14T13:34:43.822-05:00  INFO 5961 --- [           main] c.n.discovery.InstanceInfoReplicator     : InstanceInfoReplicator onDemand update allowed rate per min is 4
2023-12-14T13:34:43.825-05:00  INFO 5961 --- [           main] com.netflix.discovery.DiscoveryClient    : Discovery Client initialized at timestamp 1702578883824 with initial instances count: 1
2023-12-14T13:34:43.826-05:00  INFO 5961 --- [           main] o.s.c.n.e.s.EurekaServiceRegistry        : Registering application RESTAURANT-SERVICE with eureka with status UP
2023-12-14T13:34:43.826-05:00  INFO 5961 --- [           main] com.netflix.discovery.DiscoveryClient    : Saw local status change event StatusChangeEvent [timestamp=1702578883826, current=UP, previous=STARTING]
2023-12-14T13:34:43.827-05:00  INFO 5961 --- [nfoReplicator-0] com.netflix.discovery.DiscoveryClient    : DiscoveryClient_RESTAURANT-SERVICE/192.168.2.11:RESTAURANT-SERVICE:8082: registering service...
2023-12-14T13:34:43.833-05:00  INFO 5961 --- [           main] c.h.RestaurantServiceApplicationTests    : Started RestaurantServiceApplicationTests in 1.297 seconds (process running for 1.796)
2023-12-14T13:34:43.861-05:00  INFO 5961 --- [nfoReplicator-0] com.netflix.discovery.DiscoveryClient    : DiscoveryClient_RESTAURANT-SERVICE/192.168.2.11:RESTAURANT-SERVICE:8082 - registration status: 204
]]></system-out>
  </testcase>
</testsuite>