<?xml version="1.0" encoding="UTF-8"?>
<testsuite xmlns:xsi="http://www.w3.org/2001/XMLSchema-instance" xsi:noNamespaceSchemaLocation="https://maven.apache.org/surefire/maven-surefire-plugin/xsd/surefire-test-report-3.0.xsd" version="3.0" name="com.handle.SwiggyServiceRegistryApplicationTests" time="2.643" tests="1" errors="0" skipped="0" failures="0">
  <properties>
[...]
</properties>
  <testcase name="contextLoads" classname="com.handle.SwiggyServiceRegistryApplicationTests" time="0.415">
    <system-out><![CDATA[13:37:11.724 [main] INFO org.springframework.test.context.support.AnnotationConfigContextLoaderUtils -- Could not detect default configuration classes for test class [com.handle.SwiggyServiceRegistryApplicationTests]: SwiggyServiceRegistryApplicationTests does not declare any static, non-private, non-final, nested classes annotated with @Configuration.
13:37:11.769 [main] INFO org.springframework.boot.test.context.SpringBootTestContextBootstrapper -- Found @SpringBootConfiguration com.handle.SwiggyServiceRegistryApplication for test class com.handle.SwiggyServiceRegistryApplicationTests

  .   ____          _            __ _ _
 /\\ / ___'_ __ _ _(_)_ __  __ _ \ \ \ \
( ( )\___ | '_ | '_| | '_ \/ _` | \ \ \ \
 \\/  ___)| |_)| | | | | || (_| |  ) ) ) )
  '  |____| .__|_| |_|_| |_\__, | / / / /
 =========|_|==============|___/=/_/_/_/
 :: Spring Boot ::                (v3.1.2)

2023-12-14T13:37:11.966-05:00  INFO 6643 --- [           main] .h.SwiggyServiceRegistryApplicationTests : Starting SwiggyServiceRegistryApplicationTests using Java 18.0.1.1 with PID 6643 (started by fabricefoko in /Users/fabricefoko/Documents/Projets_JAVA/microservice-exception-handling/swiggy-service-registry)
2023-12-14T13:37:11.966-05:00  INFO 6643 --- [           main] .h.SwiggyServiceRegistryApplicationTests : No active profile set, falling back to 1 default profile: "default"
2023-12-14T13:37:12.408-05:00  INFO 6643 --- [           main] o.s.cloud.context.scope.GenericScope     : BeanFactory id=4e875f25-4e6f-3223-a633-462a476837b9
2023-12-14T13:37:13.072-05:00  WARN 6643 --- [           main] iguration$LoadBalancerCaffeineWarnLogger : Spring Cloud LoadBalancer is currently working with the default cache. While this cache implementation is useful for development and tests, it's recommended to use Caffeine cache in production.You can switch to using Caffeine cache, by adding it and org.springframework.cache.caffeine.CaffeineCacheManager to the classpath.
2023-12-14T13:37:13.166-05:00  INFO 6643 --- [           main] o.s.c.n.eureka.InstanceInfoFactory       : Setting initial instance status as: STARTING
2023-12-14T13:37:13.176-05:00  INFO 6643 --- [           main] com.netflix.discovery.DiscoveryClient    : Initializing Eureka in region us-east-1
2023-12-14T13:37:13.176-05:00  INFO 6643 --- [           main] com.netflix.discovery.DiscoveryClient    : Client configured to neither register nor query for data.
2023-12-14T13:37:13.179-05:00  INFO 6643 --- [           main] com.netflix.discovery.DiscoveryClient    : Discovery Client initialized at timestamp 1702579033178 with initial instances count: 0
2023-12-14T13:37:13.198-05:00  INFO 6643 --- [           main] c.n.eureka.DefaultEurekaServerContext    : Initializing ...
2023-12-14T13:37:13.199-05:00  INFO 6643 --- [           main] c.n.eureka.cluster.PeerEurekaNodes       : Adding new peer nodes [http://localhost:8761/eureka/]
2023-12-14T13:37:13.282-05:00  INFO 6643 --- [           main] c.n.d.provider.DiscoveryJerseyProvider   : Using JSON encoding codec LegacyJacksonJson
2023-12-14T13:37:13.282-05:00  INFO 6643 --- [           main] c.n.d.provider.DiscoveryJerseyProvider   : Using JSON decoding codec LegacyJacksonJson
2023-12-14T13:37:13.282-05:00  INFO 6643 --- [           main] c.n.d.provider.DiscoveryJerseyProvider   : Using XML encoding codec XStreamXml
2023-12-14T13:37:13.282-05:00  INFO 6643 --- [           main] c.n.d.provider.DiscoveryJerseyProvider   : Using XML decoding codec XStreamXml
2023-12-14T13:37:13.778-05:00  INFO 6643 --- [           main] c.n.eureka.cluster.PeerEurekaNodes       : Replica node URL:  http://localhost:8761/eureka/
2023-12-14T13:37:13.782-05:00  INFO 6643 --- [           main] c.n.e.registry.AbstractInstanceRegistry  : Finished initializing remote region registries. All known remote regions: []
2023-12-14T13:37:13.783-05:00  INFO 6643 --- [           main] c.n.eureka.DefaultEurekaServerContext    : Initialized
2023-12-14T13:37:13.841-05:00  INFO 6643 --- [           main] o.s.b.a.e.web.EndpointLinksResolver      : Exposing 1 endpoint(s) beneath base path '/actuator'
2023-12-14T13:37:13.862-05:00  INFO 6643 --- [           main] o.s.c.n.e.s.EurekaServiceRegistry        : Registering application UNKNOWN with eureka with status UP
2023-12-14T13:37:13.868-05:00  INFO 6643 --- [      Thread-10] o.s.c.n.e.server.EurekaServerBootstrap   : isAws returned false
2023-12-14T13:37:13.868-05:00  INFO 6643 --- [      Thread-10] o.s.c.n.e.server.EurekaServerBootstrap   : Initialized server context
2023-12-14T13:37:13.868-05:00  INFO 6643 --- [      Thread-10] c.n.e.r.PeerAwareInstanceRegistryImpl    : Got 1 instances from neighboring DS node
2023-12-14T13:37:13.868-05:00  INFO 6643 --- [      Thread-10] c.n.e.r.PeerAwareInstanceRegistryImpl    : Renew threshold is: 1
2023-12-14T13:37:13.868-05:00  INFO 6643 --- [      Thread-10] c.n.e.r.PeerAwareInstanceRegistryImpl    : Changing status to UP
2023-12-14T13:37:13.871-05:00  INFO 6643 --- [      Thread-10] e.s.EurekaServerInitializerConfiguration : Started Eureka Server
2023-12-14T13:37:13.873-05:00  INFO 6643 --- [           main] .h.SwiggyServiceRegistryApplicationTests : Started SwiggyServiceRegistryApplicationTests in 2.046 seconds (process running for 2.526)
]]></system-out>
  </testcase>
</testsuite>